;  LST file generated by mikroListExporter - v.2.0 
; Date/Time: 09/09/2014 05:47:56 a.m.
;----------------------------------------------

;Address Opcode 	ASM
0x0000	0x2835      	GOTO       53
_interrupt:
0x0004	0x00CF      	MOVWF      R15
0x0005	0x0E03      	SWAPF      STATUS, 0
0x0006	0x0183      	CLRF       STATUS
0x0007	0x0091      	MOVWF      ___saveSTATUS
0x0008	0x080A      	MOVF       PCLATH, 0
0x0009	0x0092      	MOVWF      ___savePCLATH
0x000A	0x018A      	CLRF       PCLATH
0x000B	0x0840      	MOVF       R0, 0
0x000C	0x008C      	MOVWF      12
;Ejemplo Temporizador.c,9 :: 		void interrupt() {
;Ejemplo Temporizador.c,10 :: 		num++;
0x000D	0x0A90      	INCF       _num, 1
;Ejemplo Temporizador.c,11 :: 		if(num == aux) {
0x000E	0x0810      	MOVF       _num, 0
0x000F	0x060D      	XORWF      _aux, 0
0x0010	0x1D03      	BTFSS      STATUS, 2
0x0011	0x2816      	GOTO       L_interrupt0
;Ejemplo Temporizador.c,12 :: 		LED = ~LED;       // Cambia el estado del led
0x0012	0x1283      	BCF        STATUS, 5
0x0013	0x3001      	MOVLW      1
0x0014	0x0685      	XORWF      RA0_bit, 1
;Ejemplo Temporizador.c,13 :: 		num = 0;
0x0015	0x0190      	CLRF       _num
;Ejemplo Temporizador.c,14 :: 		}
L_interrupt0:
0x0016	0x1283      	BCF        STATUS, 5
;Ejemplo Temporizador.c,15 :: 		TMR0 = 39;        // TMR0 returns to its initial value
0x0017	0x3027      	MOVLW      39
0x0018	0x0081      	MOVWF      TMR0
;Ejemplo Temporizador.c,16 :: 		INTCON.T0IF = 0;  // Limpiar el Bit T0IF cada vez que suceda la interrupcion
0x0019	0x110B      	BCF        INTCON, 2
;Ejemplo Temporizador.c,17 :: 		}
L_end_interrupt:
L__interrupt15:
0x001A	0x080C      	MOVF       12, 0
0x001B	0x00C0      	MOVWF      R0
0x001C	0x0812      	MOVF       ___savePCLATH, 0
0x001D	0x008A      	MOVWF      PCLATH
0x001E	0x0E11      	SWAPF      ___saveSTATUS, 0
0x001F	0x0083      	MOVWF      STATUS
0x0020	0x0ECF      	SWAPF      R15, 1
0x0021	0x0E4F      	SWAPF      R15, 0
0x0022	0x0009      	RETFIE
; end of _interrupt
_____DoICP:
;__Lib_System.c,6 :: 		
;__Lib_System.c,9 :: 		
0x0023	0x1283      	BCF        STATUS, 5
0x0024	0x080F      	MOVF       ___DoICPAddr+1, 0
0x0025	0x008A      	MOVWF      PCLATH
;__Lib_System.c,10 :: 		
0x0026	0x080E      	MOVF       ___DoICPAddr, 0
0x0027	0x0082      	MOVWF      PCL
;__Lib_System.c,12 :: 		
L_end_____DoICP:
0x0028	0x0008      	RETURN
; end of _____DoICP
___CC2DW:
;__Lib_System.c,134 :: 		
;__Lib_System.c,137 :: 		
_CC2D_Loop1:
;__Lib_System.c,139 :: 		
0x0029	0x2023      	CALL       _____DoICP
0x002A	0x118A      	BCF        PCLATH, 3
0x002B	0x120A      	BCF        PCLATH, 4
;__Lib_System.c,141 :: 		
0x002C	0x0080      	MOVWF      INDF
;__Lib_System.c,142 :: 		
0x002D	0x0A84      	INCF       FSR, 1
;__Lib_System.c,143 :: 		
0x002E	0x0A8E      	INCF       ___DoICPAddr, 1
;__Lib_System.c,145 :: 		
0x002F	0x1903      	BTFSC      STATUS, 2
;__Lib_System.c,146 :: 		
0x0030	0x0A8F      	INCF       ___DoICPAddr+1, 1
;__Lib_System.c,147 :: 		
0x0031	0x03C0      	DECF       R0, 1
;__Lib_System.c,149 :: 		
0x0032	0x1D03      	BTFSS      STATUS, 2
;__Lib_System.c,150 :: 		
0x0033	0x2829      	GOTO       _CC2D_Loop1
;__Lib_System.c,152 :: 		
L_end___CC2DW:
0x0034	0x0008      	RETURN
; end of ___CC2DW
_main:
;Ejemplo Temporizador.c,19 :: 		void main() {
;Ejemplo Temporizador.c,20 :: 		TRISA0_bit = 0;    //Configurar como salida
0x0035	0x1683      	BSF        STATUS, 5
0x0036	0x1005      	BCF        TRISA0_bit, BitPos(TRISA0_bit+0)
;Ejemplo Temporizador.c,21 :: 		TRISB0_bit = 1;
0x0037	0x1406      	BSF        TRISB0_bit, BitPos(TRISB0_bit+0)
;Ejemplo Temporizador.c,22 :: 		TRISB1_bit = 1;
0x0038	0x1486      	BSF        TRISB1_bit, BitPos(TRISB1_bit+0)
;Ejemplo Temporizador.c,23 :: 		TRISB2_bit = 1;
0x0039	0x1506      	BSF        TRISB2_bit, BitPos(TRISB2_bit+0)
;Ejemplo Temporizador.c,24 :: 		LED = 0;
0x003A	0x1283      	BCF        STATUS, 5
0x003B	0x1005      	BCF        RA0_bit, BitPos(RA0_bit+0)
;Ejemplo Temporizador.c,25 :: 		num = 0;
0x003C	0x0190      	CLRF       _num
;Ejemplo Temporizador.c,26 :: 		aux=18;
0x003D	0x3012      	MOVLW      18
0x003E	0x008D      	MOVWF      _aux
;Ejemplo Temporizador.c,27 :: 		OPTION_REG = 0x07; // Preescalar 1:256
0x003F	0x3007      	MOVLW      7
0x0040	0x1683      	BSF        STATUS, 5
0x0041	0x0081      	MOVWF      OPTION_REG
;Ejemplo Temporizador.c,28 :: 		TMR0 = 39;         // Timer 0 cuenta de 39 a 255
0x0042	0x3027      	MOVLW      39
0x0043	0x1283      	BCF        STATUS, 5
0x0044	0x0081      	MOVWF      TMR0
;Ejemplo Temporizador.c,29 :: 		INTCON = 0xA0;     // Habilita el Timer 0 y las interrupciones globales
0x0045	0x30A0      	MOVLW      160
0x0046	0x008B      	MOVWF      INTCON
;Ejemplo Temporizador.c,30 :: 		do{
L_main1:
;Ejemplo Temporizador.c,31 :: 		if(btn0){
0x0047	0x1C06      	BTFSS      RB0_bit, BitPos(RB0_bit+0)
0x0048	0x2851      	GOTO       L_main4
;Ejemplo Temporizador.c,32 :: 		if(aux>1)
0x0049	0x080D      	MOVF       _aux, 0
0x004A	0x3C01      	SUBLW      1
0x004B	0x1803      	BTFSC      STATUS, 0
0x004C	0x284E      	GOTO       L_main5
;Ejemplo Temporizador.c,33 :: 		aux--;
0x004D	0x038D      	DECF       _aux, 1
L_main5:
;Ejemplo Temporizador.c,34 :: 		while(btn0);
L_main6:
0x004E	0x1C06      	BTFSS      RB0_bit, BitPos(RB0_bit+0)
0x004F	0x2851      	GOTO       L_main7
0x0050	0x284E      	GOTO       L_main6
L_main7:
;Ejemplo Temporizador.c,35 :: 		}
L_main4:
;Ejemplo Temporizador.c,36 :: 		if(btn1){
0x0051	0x1C86      	BTFSS      RB1_bit, BitPos(RB1_bit+0)
0x0052	0x2858      	GOTO       L_main8
;Ejemplo Temporizador.c,37 :: 		aux=18;
0x0053	0x3012      	MOVLW      18
0x0054	0x008D      	MOVWF      _aux
;Ejemplo Temporizador.c,38 :: 		while(btn1);
L_main9:
0x0055	0x1C86      	BTFSS      RB1_bit, BitPos(RB1_bit+0)
0x0056	0x2858      	GOTO       L_main10
0x0057	0x2855      	GOTO       L_main9
L_main10:
;Ejemplo Temporizador.c,39 :: 		}
L_main8:
;Ejemplo Temporizador.c,40 :: 		if(btn2){
0x0058	0x1D06      	BTFSS      RB2_bit, BitPos(RB2_bit+0)
0x0059	0x285E      	GOTO       L_main11
;Ejemplo Temporizador.c,41 :: 		aux++;
0x005A	0x0A8D      	INCF       _aux, 1
;Ejemplo Temporizador.c,42 :: 		while(btn2);
L_main12:
0x005B	0x1D06      	BTFSS      RB2_bit, BitPos(RB2_bit+0)
0x005C	0x285E      	GOTO       L_main13
0x005D	0x285B      	GOTO       L_main12
L_main13:
;Ejemplo Temporizador.c,43 :: 		}
L_main11:
;Ejemplo Temporizador.c,44 :: 		}while(1);  // Bucle Infinito
0x005E	0x2847      	GOTO       L_main1
;Ejemplo Temporizador.c,45 :: 		}
L_end_main:
0x005F	0x285F      	GOTO       $+0
; end of _main
Symbol List:
//** Routines locations **
//ADDRESS    SIZE    PROCEDURE
//----------------------------------------------
0x0004      [31]    _interrupt
0x0023       [6]    _____DoICP
0x0029      [12]    ___CC2DW
0x0035      [43]    _main
//** Variables locations ** 
//ADDRESS    SIZE    VARIABLE
//----------------------------------------------
0x0000       [1]    INDF
0x0001       [1]    TMR0
0x0002       [1]    PCL
0x0003       [1]    STATUS
0x0004       [1]    FSR
0x0005       [0]    LEd
0x0005       [0]    RA0_bit
0x0006       [0]    btn0
0x0006       [0]    btn2
0x0006       [0]    btn1
0x0006       [0]    RB2_bit
0x0006       [0]    RB0_bit
0x0006       [0]    RB1_bit
0x000A       [1]    PCLATH
0x000B       [1]    INTCON
0x000D       [1]    _aux
0x000E       [2]    ___DoICPAddr
0x0010       [1]    _num
0x0011       [1]    ___saveSTATUS
0x0012       [1]    ___savePCLATH
0x0040       [1]    R0
0x0041       [1]    R1
0x0042       [1]    R2
0x0043       [1]    R3
0x0044       [1]    R4
0x0045       [1]    R5
0x0046       [1]    R6
0x0047       [1]    R7
0x0048       [1]    R8
0x0049       [1]    R9
0x004A       [1]    R10
0x004B       [1]    R11
0x004C       [1]    R12
0x004D       [1]    R13
0x004E       [1]    R14
0x004F       [1]    R15
0x0081       [1]    OPTION_REG
0x0085       [0]    TRISA0_bit
0x0086       [0]    TRISB2_bit
0x0086       [0]    TRISB0_bit
0x0086       [0]    TRISB1_bit
//** Label List: ** 
//----------------------------------------------
  L_interrupt0
  L_main1
  L_main2
  L_main3
  L_main4
  L_main5
  L_main6
  L_main7
  L_main8
  L_main9
  L_main10
  L_main11
  L_main12
  L_main13
  L_end_interrupt
  _interrupt
  L__interrupt15
  L_end_main
  _main
  L_loopCA2AWs
  L_CA2AWend
  _CCA2AW_Loop1
  L_loopCS2Ss
  L_CS2Send
  _CCS2S_Loop1
  L_CCS2Send
  L_loopFZinSWs
  L_FZinSend
  _CC2D_Loop1
  L_end_____DoICP
  _____DoICP
  L_end_____DoIFC
  _____DoIFC
  L_end___CA2AW
  ___CA2AW
  L_end___CCA2AW
  ___CCA2AW
  L_end___CS2S
  ___CS2S
  L_end___CCS2S
  ___CCS2S
  L_end___FZinS
  ___FZinS
  L_end___CC2DW
  ___CC2DW
  L_end_Swap
  _Swap
  L_interrupt0
  L_main1
  L_main2
  L_main3
  L_main4
  L_main5
  L_main6
  L_main7
  L_main8
  L_main9
  L_main10
  L_main11
  L_main12
  L_main13
  L_end_interrupt
  _interrupt
  L__interrupt15
  L_end_main
  _main
